<?xml version="1.0" encoding="UTF-8"?>
<testsuite xmlns:xsi="http://www.w3.org/2001/XMLSchema-instance" xsi:noNamespaceSchemaLocation="https://maven.apache.org/surefire/maven-surefire-plugin/xsd/surefire-test-report-3.0.xsd" version="3.0" name="runner.TestRunner" time="7.075" tests="3" errors="2" skipped="1" failures="0">
  <properties>
    <property name="java.specification.version" value="17"/>
    <property name="sun.cpu.isalist" value="amd64"/>
    <property name="sun.jnu.encoding" value="Cp1252"/>
    <property name="java.class.path" value="C:\Users\KhaledBEDOUI\IdeaProjects\Appium2.0_Project\target\test-classes;C:\Users\KhaledBEDOUI\IdeaProjects\Appium2.0_Project\target\classes;C:\Users\KhaledBEDOUI\.m2\repository\io\appium\java-client\9.2.2\java-client-9.2.2.jar;C:\Users\KhaledBEDOUI\.m2\repository\org\seleniumhq\selenium\selenium-api\4.21.0\selenium-api-4.21.0.jar;C:\Users\KhaledBEDOUI\.m2\repository\org\seleniumhq\selenium\selenium-remote-driver\4.21.0\selenium-remote-driver-4.21.0.jar;C:\Users\KhaledBEDOUI\.m2\repository\com\google\auto\service\auto-service-annotations\1.1.1\auto-service-annotations-1.1.1.jar;C:\Users\KhaledBEDOUI\.m2\repository\com\google\guava\guava\33.2.0-jre\guava-33.2.0-jre.jar;C:\Users\KhaledBEDOUI\.m2\repository\com\google\guava\failureaccess\1.0.2\failureaccess-1.0.2.jar;C:\Users\KhaledBEDOUI\.m2\repository\com\google\guava\listenablefuture\9999.0-empty-to-avoid-conflict-with-guava\listenablefuture-9999.0-empty-to-avoid-conflict-with-guava.jar;C:\Users\KhaledBEDOUI\.m2\repository\com\google\code\findbugs\jsr305\3.0.2\jsr305-3.0.2.jar;C:\Users\KhaledBEDOUI\.m2\repository\org\checkerframework\checker-qual\3.42.0\checker-qual-3.42.0.jar;C:\Users\KhaledBEDOUI\.m2\repository\com\google\errorprone\error_prone_annotations\2.26.1\error_prone_annotations-2.26.1.jar;C:\Users\KhaledBEDOUI\.m2\repository\com\google\j2objc\j2objc-annotations\3.0.0\j2objc-annotations-3.0.0.jar;C:\Users\KhaledBEDOUI\.m2\repository\io\opentelemetry\semconv\opentelemetry-semconv\1.25.0-alpha\opentelemetry-semconv-1.25.0-alpha.jar;C:\Users\KhaledBEDOUI\.m2\repository\io\opentelemetry\opentelemetry-api\1.38.0\opentelemetry-api-1.38.0.jar;C:\Users\KhaledBEDOUI\.m2\repository\io\opentelemetry\opentelemetry-context\1.38.0\opentelemetry-context-1.38.0.jar;C:\Users\KhaledBEDOUI\.m2\repository\io\opentelemetry\opentelemetry-exporter-logging\1.38.0\opentelemetry-exporter-logging-1.38.0.jar;C:\Users\KhaledBEDOUI\.m2\repository\io\opentelemetry\opentelemetry-sdk-common\1.38.0\opentelemetry-sdk-common-1.38.0.jar;C:\Users\KhaledBEDOUI\.m2\repository\io\opentelemetry\opentelemetry-sdk-extension-autoconfigure-spi\1.38.0\opentelemetry-sdk-extension-autoconfigure-spi-1.38.0.jar;C:\Users\KhaledBEDOUI\.m2\repository\io\opentelemetry\opentelemetry-sdk-extension-autoconfigure\1.38.0\opentelemetry-sdk-extension-autoconfigure-1.38.0.jar;C:\Users\KhaledBEDOUI\.m2\repository\io\opentelemetry\opentelemetry-api-incubator\1.38.0-alpha\opentelemetry-api-incubator-1.38.0-alpha.jar;C:\Users\KhaledBEDOUI\.m2\repository\io\opentelemetry\opentelemetry-sdk-trace\1.38.0\opentelemetry-sdk-trace-1.38.0.jar;C:\Users\KhaledBEDOUI\.m2\repository\io\opentelemetry\opentelemetry-sdk\1.38.0\opentelemetry-sdk-1.38.0.jar;C:\Users\KhaledBEDOUI\.m2\repository\io\opentelemetry\opentelemetry-sdk-metrics\1.38.0\opentelemetry-sdk-metrics-1.38.0.jar;C:\Users\KhaledBEDOUI\.m2\repository\io\opentelemetry\opentelemetry-sdk-logs\1.38.0\opentelemetry-sdk-logs-1.38.0.jar;C:\Users\KhaledBEDOUI\.m2\repository\net\bytebuddy\byte-buddy\1.14.15\byte-buddy-1.14.15.jar;C:\Users\KhaledBEDOUI\.m2\repository\org\seleniumhq\selenium\selenium-http\4.21.0\selenium-http-4.21.0.jar;C:\Users\KhaledBEDOUI\.m2\repository\dev\failsafe\failsafe\3.3.2\failsafe-3.3.2.jar;C:\Users\KhaledBEDOUI\.m2\repository\org\seleniumhq\selenium\selenium-json\4.21.0\selenium-json-4.21.0.jar;C:\Users\KhaledBEDOUI\.m2\repository\org\seleniumhq\selenium\selenium-manager\4.21.0\selenium-manager-4.21.0.jar;C:\Users\KhaledBEDOUI\.m2\repository\org\seleniumhq\selenium\selenium-os\4.21.0\selenium-os-4.21.0.jar;C:\Users\KhaledBEDOUI\.m2\repository\org\apache\commons\commons-exec\1.4.0\commons-exec-1.4.0.jar;C:\Users\KhaledBEDOUI\.m2\repository\org\seleniumhq\selenium\selenium-support\4.21.0\selenium-support-4.21.0.jar;C:\Users\KhaledBEDOUI\.m2\repository\com\google\code\gson\gson\2.10.1\gson-2.10.1.jar;C:\Users\KhaledBEDOUI\.m2\repository\org\slf4j\slf4j-api\2.0.12\slf4j-api-2.0.12.jar;C:\Users\KhaledBEDOUI\.m2\repository\org\seleniumhq\selenium\selenium-java\4.20.0\selenium-java-4.20.0.jar;C:\Users\KhaledBEDOUI\.m2\repository\org\seleniumhq\selenium\selenium-chrome-driver\4.20.0\selenium-chrome-driver-4.20.0.jar;C:\Users\KhaledBEDOUI\.m2\repository\org\seleniumhq\selenium\selenium-chromium-driver\4.20.0\selenium-chromium-driver-4.20.0.jar;C:\Users\KhaledBEDOUI\.m2\repository\org\seleniumhq\selenium\selenium-devtools-v122\4.20.0\selenium-devtools-v122-4.20.0.jar;C:\Users\KhaledBEDOUI\.m2\repository\org\seleniumhq\selenium\selenium-devtools-v123\4.20.0\selenium-devtools-v123-4.20.0.jar;C:\Users\KhaledBEDOUI\.m2\repository\org\seleniumhq\selenium\selenium-devtools-v124\4.20.0\selenium-devtools-v124-4.20.0.jar;C:\Users\KhaledBEDOUI\.m2\repository\org\seleniumhq\selenium\selenium-devtools-v85\4.20.0\selenium-devtools-v85-4.20.0.jar;C:\Users\KhaledBEDOUI\.m2\repository\org\seleniumhq\selenium\selenium-edge-driver\4.20.0\selenium-edge-driver-4.20.0.jar;C:\Users\KhaledBEDOUI\.m2\repository\org\seleniumhq\selenium\selenium-firefox-driver\4.20.0\selenium-firefox-driver-4.20.0.jar;C:\Users\KhaledBEDOUI\.m2\repository\org\seleniumhq\selenium\selenium-ie-driver\4.20.0\selenium-ie-driver-4.20.0.jar;C:\Users\KhaledBEDOUI\.m2\repository\org\seleniumhq\selenium\selenium-safari-driver\4.20.0\selenium-safari-driver-4.20.0.jar;C:\Users\KhaledBEDOUI\.m2\repository\io\cucumber\cucumber-java\7.15.0\cucumber-java-7.15.0.jar;C:\Users\KhaledBEDOUI\.m2\repository\io\cucumber\cucumber-core\7.15.0\cucumber-core-7.15.0.jar;C:\Users\KhaledBEDOUI\.m2\repository\io\cucumber\cucumber-gherkin\7.15.0\cucumber-gherkin-7.15.0.jar;C:\Users\KhaledBEDOUI\.m2\repository\io\cucumber\cucumber-gherkin-messages\7.15.0\cucumber-gherkin-messages-7.15.0.jar;C:\Users\KhaledBEDOUI\.m2\repository\io\cucumber\gherkin\26.2.0\gherkin-26.2.0.jar;C:\Users\KhaledBEDOUI\.m2\repository\io\cucumber\messages\22.0.0\messages-22.0.0.jar;C:\Users\KhaledBEDOUI\.m2\repository\io\cucumber\tag-expressions\6.0.0\tag-expressions-6.0.0.jar;C:\Users\KhaledBEDOUI\.m2\repository\io\cucumber\cucumber-expressions\17.0.1\cucumber-expressions-17.0.1.jar;C:\Users\KhaledBEDOUI\.m2\repository\io\cucumber\datatable\7.15.0\datatable-7.15.0.jar;C:\Users\KhaledBEDOUI\.m2\repository\io\cucumber\cucumber-plugin\7.15.0\cucumber-plugin-7.15.0.jar;C:\Users\KhaledBEDOUI\.m2\repository\io\cucumber\docstring\7.15.0\docstring-7.15.0.jar;C:\Users\KhaledBEDOUI\.m2\repository\io\cucumber\html-formatter\20.4.0\html-formatter-20.4.0.jar;C:\Users\KhaledBEDOUI\.m2\repository\io\cucumber\junit-xml-formatter\0.2.0\junit-xml-formatter-0.2.0.jar;C:\Users\KhaledBEDOUI\.m2\repository\io\cucumber\ci-environment\10.0.0\ci-environment-10.0.0.jar;C:\Users\KhaledBEDOUI\.m2\repository\org\apiguardian\apiguardian-api\1.1.2\apiguardian-api-1.1.2.jar;C:\Users\KhaledBEDOUI\.m2\repository\io\cucumber\cucumber-junit\7.15.0\cucumber-junit-7.15.0.jar;C:\Users\KhaledBEDOUI\.m2\repository\junit\junit\4.13.2\junit-4.13.2.jar;C:\Users\KhaledBEDOUI\.m2\repository\org\hamcrest\hamcrest-core\1.3\hamcrest-core-1.3.jar;"/>
    <property name="java.vm.vendor" value="Oracle Corporation"/>
    <property name="sun.arch.data.model" value="64"/>
    <property name="user.variant" value=""/>
    <property name="java.vendor.url" value="https://java.oracle.com/"/>
    <property name="user.timezone" value="Africa/Tunis"/>
    <property name="user.country.format" value="US"/>
    <property name="os.name" value="Windows 10"/>
    <property name="java.vm.specification.version" value="17"/>
    <property name="sun.java.launcher" value="SUN_STANDARD"/>
    <property name="user.country" value="FR"/>
    <property name="sun.boot.library.path" value="C:\Program Files\Java\jdk-17.0.5\bin"/>
    <property name="sun.java.command" value="C:\Users\KhaledBEDOUI\AppData\Local\Temp\surefire2646810717259021868\surefirebooter-20240529114141458_3.jar C:\Users\KhaledBEDOUI\AppData\Local\Temp\surefire2646810717259021868 2024-05-29T11-41-41_353-jvmRun1 surefire-20240529114141458_1tmp surefire_0-20240529114141458_2tmp"/>
    <property name="jdk.debug" value="release"/>
    <property name="test" value="TestRunner"/>
    <property name="surefire.test.class.path" value="C:\Users\KhaledBEDOUI\IdeaProjects\Appium2.0_Project\target\test-classes;C:\Users\KhaledBEDOUI\IdeaProjects\Appium2.0_Project\target\classes;C:\Users\KhaledBEDOUI\.m2\repository\io\appium\java-client\9.2.2\java-client-9.2.2.jar;C:\Users\KhaledBEDOUI\.m2\repository\org\seleniumhq\selenium\selenium-api\4.21.0\selenium-api-4.21.0.jar;C:\Users\KhaledBEDOUI\.m2\repository\org\seleniumhq\selenium\selenium-remote-driver\4.21.0\selenium-remote-driver-4.21.0.jar;C:\Users\KhaledBEDOUI\.m2\repository\com\google\auto\service\auto-service-annotations\1.1.1\auto-service-annotations-1.1.1.jar;C:\Users\KhaledBEDOUI\.m2\repository\com\google\guava\guava\33.2.0-jre\guava-33.2.0-jre.jar;C:\Users\KhaledBEDOUI\.m2\repository\com\google\guava\failureaccess\1.0.2\failureaccess-1.0.2.jar;C:\Users\KhaledBEDOUI\.m2\repository\com\google\guava\listenablefuture\9999.0-empty-to-avoid-conflict-with-guava\listenablefuture-9999.0-empty-to-avoid-conflict-with-guava.jar;C:\Users\KhaledBEDOUI\.m2\repository\com\google\code\findbugs\jsr305\3.0.2\jsr305-3.0.2.jar;C:\Users\KhaledBEDOUI\.m2\repository\org\checkerframework\checker-qual\3.42.0\checker-qual-3.42.0.jar;C:\Users\KhaledBEDOUI\.m2\repository\com\google\errorprone\error_prone_annotations\2.26.1\error_prone_annotations-2.26.1.jar;C:\Users\KhaledBEDOUI\.m2\repository\com\google\j2objc\j2objc-annotations\3.0.0\j2objc-annotations-3.0.0.jar;C:\Users\KhaledBEDOUI\.m2\repository\io\opentelemetry\semconv\opentelemetry-semconv\1.25.0-alpha\opentelemetry-semconv-1.25.0-alpha.jar;C:\Users\KhaledBEDOUI\.m2\repository\io\opentelemetry\opentelemetry-api\1.38.0\opentelemetry-api-1.38.0.jar;C:\Users\KhaledBEDOUI\.m2\repository\io\opentelemetry\opentelemetry-context\1.38.0\opentelemetry-context-1.38.0.jar;C:\Users\KhaledBEDOUI\.m2\repository\io\opentelemetry\opentelemetry-exporter-logging\1.38.0\opentelemetry-exporter-logging-1.38.0.jar;C:\Users\KhaledBEDOUI\.m2\repository\io\opentelemetry\opentelemetry-sdk-common\1.38.0\opentelemetry-sdk-common-1.38.0.jar;C:\Users\KhaledBEDOUI\.m2\repository\io\opentelemetry\opentelemetry-sdk-extension-autoconfigure-spi\1.38.0\opentelemetry-sdk-extension-autoconfigure-spi-1.38.0.jar;C:\Users\KhaledBEDOUI\.m2\repository\io\opentelemetry\opentelemetry-sdk-extension-autoconfigure\1.38.0\opentelemetry-sdk-extension-autoconfigure-1.38.0.jar;C:\Users\KhaledBEDOUI\.m2\repository\io\opentelemetry\opentelemetry-api-incubator\1.38.0-alpha\opentelemetry-api-incubator-1.38.0-alpha.jar;C:\Users\KhaledBEDOUI\.m2\repository\io\opentelemetry\opentelemetry-sdk-trace\1.38.0\opentelemetry-sdk-trace-1.38.0.jar;C:\Users\KhaledBEDOUI\.m2\repository\io\opentelemetry\opentelemetry-sdk\1.38.0\opentelemetry-sdk-1.38.0.jar;C:\Users\KhaledBEDOUI\.m2\repository\io\opentelemetry\opentelemetry-sdk-metrics\1.38.0\opentelemetry-sdk-metrics-1.38.0.jar;C:\Users\KhaledBEDOUI\.m2\repository\io\opentelemetry\opentelemetry-sdk-logs\1.38.0\opentelemetry-sdk-logs-1.38.0.jar;C:\Users\KhaledBEDOUI\.m2\repository\net\bytebuddy\byte-buddy\1.14.15\byte-buddy-1.14.15.jar;C:\Users\KhaledBEDOUI\.m2\repository\org\seleniumhq\selenium\selenium-http\4.21.0\selenium-http-4.21.0.jar;C:\Users\KhaledBEDOUI\.m2\repository\dev\failsafe\failsafe\3.3.2\failsafe-3.3.2.jar;C:\Users\KhaledBEDOUI\.m2\repository\org\seleniumhq\selenium\selenium-json\4.21.0\selenium-json-4.21.0.jar;C:\Users\KhaledBEDOUI\.m2\repository\org\seleniumhq\selenium\selenium-manager\4.21.0\selenium-manager-4.21.0.jar;C:\Users\KhaledBEDOUI\.m2\repository\org\seleniumhq\selenium\selenium-os\4.21.0\selenium-os-4.21.0.jar;C:\Users\KhaledBEDOUI\.m2\repository\org\apache\commons\commons-exec\1.4.0\commons-exec-1.4.0.jar;C:\Users\KhaledBEDOUI\.m2\repository\org\seleniumhq\selenium\selenium-support\4.21.0\selenium-support-4.21.0.jar;C:\Users\KhaledBEDOUI\.m2\repository\com\google\code\gson\gson\2.10.1\gson-2.10.1.jar;C:\Users\KhaledBEDOUI\.m2\repository\org\slf4j\slf4j-api\2.0.12\slf4j-api-2.0.12.jar;C:\Users\KhaledBEDOUI\.m2\repository\org\seleniumhq\selenium\selenium-java\4.20.0\selenium-java-4.20.0.jar;C:\Users\KhaledBEDOUI\.m2\repository\org\seleniumhq\selenium\selenium-chrome-driver\4.20.0\selenium-chrome-driver-4.20.0.jar;C:\Users\KhaledBEDOUI\.m2\repository\org\seleniumhq\selenium\selenium-chromium-driver\4.20.0\selenium-chromium-driver-4.20.0.jar;C:\Users\KhaledBEDOUI\.m2\repository\org\seleniumhq\selenium\selenium-devtools-v122\4.20.0\selenium-devtools-v122-4.20.0.jar;C:\Users\KhaledBEDOUI\.m2\repository\org\seleniumhq\selenium\selenium-devtools-v123\4.20.0\selenium-devtools-v123-4.20.0.jar;C:\Users\KhaledBEDOUI\.m2\repository\org\seleniumhq\selenium\selenium-devtools-v124\4.20.0\selenium-devtools-v124-4.20.0.jar;C:\Users\KhaledBEDOUI\.m2\repository\org\seleniumhq\selenium\selenium-devtools-v85\4.20.0\selenium-devtools-v85-4.20.0.jar;C:\Users\KhaledBEDOUI\.m2\repository\org\seleniumhq\selenium\selenium-edge-driver\4.20.0\selenium-edge-driver-4.20.0.jar;C:\Users\KhaledBEDOUI\.m2\repository\org\seleniumhq\selenium\selenium-firefox-driver\4.20.0\selenium-firefox-driver-4.20.0.jar;C:\Users\KhaledBEDOUI\.m2\repository\org\seleniumhq\selenium\selenium-ie-driver\4.20.0\selenium-ie-driver-4.20.0.jar;C:\Users\KhaledBEDOUI\.m2\repository\org\seleniumhq\selenium\selenium-safari-driver\4.20.0\selenium-safari-driver-4.20.0.jar;C:\Users\KhaledBEDOUI\.m2\repository\io\cucumber\cucumber-java\7.15.0\cucumber-java-7.15.0.jar;C:\Users\KhaledBEDOUI\.m2\repository\io\cucumber\cucumber-core\7.15.0\cucumber-core-7.15.0.jar;C:\Users\KhaledBEDOUI\.m2\repository\io\cucumber\cucumber-gherkin\7.15.0\cucumber-gherkin-7.15.0.jar;C:\Users\KhaledBEDOUI\.m2\repository\io\cucumber\cucumber-gherkin-messages\7.15.0\cucumber-gherkin-messages-7.15.0.jar;C:\Users\KhaledBEDOUI\.m2\repository\io\cucumber\gherkin\26.2.0\gherkin-26.2.0.jar;C:\Users\KhaledBEDOUI\.m2\repository\io\cucumber\messages\22.0.0\messages-22.0.0.jar;C:\Users\KhaledBEDOUI\.m2\repository\io\cucumber\tag-expressions\6.0.0\tag-expressions-6.0.0.jar;C:\Users\KhaledBEDOUI\.m2\repository\io\cucumber\cucumber-expressions\17.0.1\cucumber-expressions-17.0.1.jar;C:\Users\KhaledBEDOUI\.m2\repository\io\cucumber\datatable\7.15.0\datatable-7.15.0.jar;C:\Users\KhaledBEDOUI\.m2\repository\io\cucumber\cucumber-plugin\7.15.0\cucumber-plugin-7.15.0.jar;C:\Users\KhaledBEDOUI\.m2\repository\io\cucumber\docstring\7.15.0\docstring-7.15.0.jar;C:\Users\KhaledBEDOUI\.m2\repository\io\cucumber\html-formatter\20.4.0\html-formatter-20.4.0.jar;C:\Users\KhaledBEDOUI\.m2\repository\io\cucumber\junit-xml-formatter\0.2.0\junit-xml-formatter-0.2.0.jar;C:\Users\KhaledBEDOUI\.m2\repository\io\cucumber\ci-environment\10.0.0\ci-environment-10.0.0.jar;C:\Users\KhaledBEDOUI\.m2\repository\org\apiguardian\apiguardian-api\1.1.2\apiguardian-api-1.1.2.jar;C:\Users\KhaledBEDOUI\.m2\repository\io\cucumber\cucumber-junit\7.15.0\cucumber-junit-7.15.0.jar;C:\Users\KhaledBEDOUI\.m2\repository\junit\junit\4.13.2\junit-4.13.2.jar;C:\Users\KhaledBEDOUI\.m2\repository\org\hamcrest\hamcrest-core\1.3\hamcrest-core-1.3.jar;"/>
    <property name="sun.cpu.endian" value="little"/>
    <property name="user.home" value="C:\Users\KhaledBEDOUI"/>
    <property name="user.language" value="fr"/>
    <property name="java.specification.vendor" value="Oracle Corporation"/>
    <property name="java.version.date" value="2022-10-18"/>
    <property name="java.home" value="C:\Program Files\Java\jdk-17.0.5"/>
    <property name="file.separator" value="\"/>
    <property name="basedir" value="C:\Users\KhaledBEDOUI\IdeaProjects\Appium2.0_Project"/>
    <property name="java.vm.compressedOopsMode" value="Zero based"/>
    <property name="line.separator" value="&#10;"/>
    <property name="java.vm.specification.vendor" value="Oracle Corporation"/>
    <property name="java.specification.name" value="Java Platform API Specification"/>
    <property name="surefire.real.class.path" value="C:\Users\KhaledBEDOUI\AppData\Local\Temp\surefire2646810717259021868\surefirebooter-20240529114141458_3.jar"/>
    <property name="user.script" value=""/>
    <property name="sun.management.compiler" value="HotSpot 64-Bit Tiered Compilers"/>
    <property name="java.runtime.version" value="17.0.5+9-LTS-191"/>
    <property name="user.name" value="KhaledBEDOUI"/>
    <property name="path.separator" value=";"/>
    <property name="os.version" value="10.0"/>
    <property name="java.runtime.name" value="Java(TM) SE Runtime Environment"/>
    <property name="file.encoding" value="Cp1252"/>
    <property name="java.vm.name" value="Java HotSpot(TM) 64-Bit Server VM"/>
    <property name="localRepository" value="C:\Users\KhaledBEDOUI\.m2\repository"/>
    <property name="java.vendor.url.bug" value="https://bugreport.java.com/bugreport/"/>
    <property name="java.io.tmpdir" value="C:\Users\KHALED~1\AppData\Local\Temp\"/>
    <property name="java.version" value="17.0.5"/>
    <property name="user.dir" value="C:\Users\KhaledBEDOUI\IdeaProjects\Appium2.0_Project"/>
    <property name="os.arch" value="amd64"/>
    <property name="java.vm.specification.name" value="Java Virtual Machine Specification"/>
    <property name="user.language.format" value="en"/>
    <property name="sun.os.patch.level" value=""/>
    <property name="native.encoding" value="Cp1252"/>
    <property name="java.library.path" value="C:\Program Files\Java\jdk-17.0.5\bin;C:\Windows\Sun\Java\bin;C:\Windows\system32;C:\Windows;C:\Program Files\Common Files\Oracle\Java\javapath;C:\Program Files (x86)\Common Files\Oracle\Java\javapath;C:\Windows\system32;C:\Windows;C:\Windows\System32\Wbem;C:\Windows\System32\WindowsPowerShell\v1.0\;C:\Windows\System32\OpenSSH\;C:\Users\KhaledBEDOUI\AppData\Local\Android\Sdk\platform-tools;C:\Program Files\Docker\Docker\resources\bin;C:\Program Files\Java\jdk-17.0.5\bin;C:\Maven\apache-maven-3.9.5\bin;C:\Users\KhaledBEDOUI\OneDrive - Mobelite\Desktop\apache-jmeter-5.5\bin;C:\Program Files\nodejs\npm\bin;C:\Program Files\nodejs\;C:\Users\KhaledBEDOUI\AppData\Local\Android\Sdk\platform-tools;C:\Users\KhaledBEDOUI\AppData\Local\Android\Sdk\cmdline-tools;C:\Users\KhaledBEDOUI\AppData\Local\Android\Sdk\tools\bin;C:\Users\KhaledBEDOUI\AppData\Local\Android\Sdk\tools;C:\Users\KhaledBEDOUI\AppData\Local\Android\Sdk\emulator;C:\Users\KhaledBEDOUI\scoop\shims;C:\Users\KhaledBEDOUI\AppData\Local\Microsoft\WindowsApps;C:\Users\KhaledBEDOUI\AppData\Local\JetBrains\IntelliJ IDEA Community Edition 2022.3.1\bin;;C:\Users\KhaledBEDOUI\AppData\Local\GitHubDesktop\bin;C:\Users\KhaledBEDOUI\AppData\Local\Programs\Git\cmd;C:\Users\KhaledBEDOUI\AppData\Local\Programs\Microsoft VS Code\bin;C:\Users\KhaledBEDOUI\AppData\Roaming\npm;."/>
    <property name="java.vm.info" value="mixed mode, sharing"/>
    <property name="java.vendor" value="Oracle Corporation"/>
    <property name="java.vm.version" value="17.0.5+9-LTS-191"/>
    <property name="sun.io.unicode.encoding" value="UnicodeLittle"/>
    <property name="java.class.version" value="61.0"/>
  </properties>
  <testcase name="User run application" classname="Run android application via ADB" time="5.74">
    <error message="Could not start a new session. Response code 500. Message: An unknown server-side error occurred while processing the command. Original error: Could not find a driver for automationName &apos;XCUITest&apos; and platformName &apos;IOS&apos;. Have you installed a driver that supports those capabilities? Run &apos;appium driver list --installed&apos; to see. (Lower-level error: Could not find installed driver to support given caps) &#10;Host info: host: &apos;DESKTOP-10F2RV2&apos;, ip: &apos;192.168.2.23&apos;&#10;Build info: version: &apos;4.21.0&apos;, revision: &apos;79ed462ef4&apos;&#10;System info: os.name: &apos;Windows 10&apos;, os.arch: &apos;amd64&apos;, os.version: &apos;10.0&apos;, java.version: &apos;17.0.5&apos;&#10;Driver info: io.appium.java_client.ios.IOSDriver&#10;Command: [null, newSession {capabilities=[{appium:deviceName=Iphone 11, appium:automationName=XCUITest, platformName=IOS, appium:bundleId=com.example.apple-samplecode.UICatalog}], desiredCapabilities=Capabilities {automationName: XCUITest, bundleId: com.example.apple-samplecod..., deviceName: Iphone 11, platformName: IOS}}]&#10;Capabilities {automationName: XCUITest, bundleId: com.example.apple-samplecod..., deviceName: Iphone 11, platformName: IOS}" type="org.openqa.selenium.SessionNotCreatedException"><![CDATA[org.openqa.selenium.SessionNotCreatedException: 
Could not start a new session. Response code 500. Message: An unknown server-side error occurred while processing the command. Original error: Could not find a driver for automationName 'XCUITest' and platformName 'IOS'. Have you installed a driver that supports those capabilities? Run 'appium driver list --installed' to see. (Lower-level error: Could not find installed driver to support given caps) 
Host info: host: 'DESKTOP-10F2RV2', ip: '192.168.2.23'
Build info: version: '4.21.0', revision: '79ed462ef4'
System info: os.name: 'Windows 10', os.arch: 'amd64', os.version: '10.0', java.version: '17.0.5'
Driver info: io.appium.java_client.ios.IOSDriver
Command: [null, newSession {capabilities=[{appium:deviceName=Iphone 11, appium:automationName=XCUITest, platformName=IOS, appium:bundleId=com.example.apple-samplecode.UICatalog}], desiredCapabilities=Capabilities {automationName: XCUITest, bundleId: com.example.apple-samplecod..., deviceName: Iphone 11, platformName: IOS}}]
Capabilities {automationName: XCUITest, bundleId: com.example.apple-samplecod..., deviceName: Iphone 11, platformName: IOS}
	at org.openqa.selenium.remote.ProtocolHandshake.createSession(ProtocolHandshake.java:114)
	at java.base/jdk.internal.reflect.NativeMethodAccessorImpl.invoke0(Native Method)
	at java.base/jdk.internal.reflect.NativeMethodAccessorImpl.invoke(NativeMethodAccessorImpl.java:77)
	at java.base/jdk.internal.reflect.DelegatingMethodAccessorImpl.invoke(DelegatingMethodAccessorImpl.java:43)
	at java.base/java.lang.reflect.Method.invoke(Method.java:568)
	at io.appium.java_client.remote.AppiumProtocolHandshake.createSession(AppiumProtocolHandshake.java:116)
	at io.appium.java_client.remote.AppiumProtocolHandshake.createSession(AppiumProtocolHandshake.java:96)
	at io.appium.java_client.remote.AppiumCommandExecutor.createSession(AppiumCommandExecutor.java:176)
	at io.appium.java_client.remote.AppiumCommandExecutor.execute(AppiumCommandExecutor.java:237)
	at org.openqa.selenium.remote.RemoteWebDriver.execute(RemoteWebDriver.java:518)
	at io.appium.java_client.AppiumDriver.startSession(AppiumDriver.java:268)
	at org.openqa.selenium.remote.RemoteWebDriver.<init>(RemoteWebDriver.java:161)
	at io.appium.java_client.AppiumDriver.<init>(AppiumDriver.java:90)
	at io.appium.java_client.AppiumDriver.<init>(AppiumDriver.java:102)
	at io.appium.java_client.ios.IOSDriver.<init>(IOSDriver.java:101)
	at com.Appium2_0_Project.Base.InitializeDriver(Base.java:74)
	at steps.runAppSteps.user_run_application(runAppSteps.java:12)
	at ✽.User run application(file:///C:/Users/KhaledBEDOUI/IdeaProjects/Appium2.0_Project/src/test/java/features/runApp.feature:4)
]]></error>
    <system-out><![CDATA[
@Run-01
Scenario: Run android application via ADB         &amp#27;[90m# src/test/java/features/runApp.feature:3&amp#27;[0m
**** STARTING TEST ****
Session id: b277bc9d-0efc-490a-a981-dcda1d44e527
]]></system-out>
  </testcase>
  <testcase name="User swipe to the view button and click on" classname="Run android application via ADB" time="0.0">
    <skipped message="This step is skipped"/>
    <system-out><![CDATA[  &amp#27;[31mGiven &amp#27;[0m&amp#27;[31mUser run application&amp#27;[0m                      &amp#27;[90m# steps.runAppSteps.user_run_application()&amp#27;[0m
      &amp#27;[31morg.openqa.selenium.SessionNotCreatedException: Could not start a new session. Response code 500. Message: An unknown server-side error occurred while processing the command. Original error: Could not find a driver for automationName 'XCUITest' and platformName 'IOS'. Have you installed a driver that supports those capabilities? Run 'appium driver list --installed' to see. (Lower-level error: Could not find installed driver to support given caps) 
Host info: host: 'DESKTOP-10F2RV2', ip: '192.168.2.23'
Build info: version: '4.21.0', revision: '79ed462ef4'
System info: os.name: 'Windows 10', os.arch: 'amd64', os.version: '10.0', java.version: '17.0.5'
Driver info: io.appium.java_client.ios.IOSDriver
Command: [null, newSession {capabilities=[{appium:deviceName=Iphone 11, appium:automationName=XCUITest, platformName=IOS, appium:bundleId=com.example.apple-samplecode.UICatalog}], desiredCapabilities=Capabilities {automationName: XCUITest, bundleId: com.example.apple-samplecod..., deviceName: Iphone 11, platformName: IOS}}]
Capabilities {automationName: XCUITest, bundleId: com.example.apple-samplecod..., deviceName: Iphone 11, platformName: IOS}
	at org.openqa.selenium.remote.ProtocolHandshake.createSession(ProtocolHandshake.java:114)
	at java.base/jdk.internal.reflect.NativeMethodAccessorImpl.invoke0(Native Method)
	at java.base/jdk.internal.reflect.NativeMethodAccessorImpl.invoke(NativeMethodAccessorImpl.java:77)
	at java.base/jdk.internal.reflect.DelegatingMethodAccessorImpl.invoke(DelegatingMethodAccessorImpl.java:43)
	at java.base/java.lang.reflect.Method.invoke(Method.java:568)
	at io.appium.java_client.remote.AppiumProtocolHandshake.createSession(AppiumProtocolHandshake.java:116)
	at io.appium.java_client.remote.AppiumProtocolHandshake.createSession(AppiumProtocolHandshake.java:96)
	at io.appium.java_client.remote.AppiumCommandExecutor.createSession(AppiumCommandExecutor.java:176)
	at io.appium.java_client.remote.AppiumCommandExecutor.execute(AppiumCommandExecutor.java:237)
	at org.openqa.selenium.remote.RemoteWebDriver.execute(RemoteWebDriver.java:518)
	at io.appium.java_client.AppiumDriver.startSession(AppiumDriver.java:268)
	at org.openqa.selenium.remote.RemoteWebDriver.<init>(RemoteWebDriver.java:161)
	at io.appium.java_client.AppiumDriver.<init>(AppiumDriver.java:90)
	at io.appium.java_client.AppiumDriver.<init>(AppiumDriver.java:102)
	at io.appium.java_client.ios.IOSDriver.<init>(IOSDriver.java:101)
	at com.Appium2_0_Project.Base.InitializeDriver(Base.java:74)
	at steps.runAppSteps.user_run_application(runAppSteps.java:12)
	at âœ½.User run application(file:///C:/Users/KhaledBEDOUI/IdeaProjects/Appium2.0_Project/src/test/java/features/runApp.feature:4)
&amp#27;[0m
]]></system-out>
  </testcase>
  <testcase name="" classname="Run android application via ADB" time="0.805">
    <error message="Could not start a new session. Response code 500. Message: An unknown server-side error occurred while processing the command. Original error: Could not find a driver for automationName &apos;XCUITest&apos; and platformName &apos;IOS&apos;. Have you installed a driver that supports those capabilities? Run &apos;appium driver list --installed&apos; to see. (Lower-level error: Could not find installed driver to support given caps) &#10;Host info: host: &apos;DESKTOP-10F2RV2&apos;, ip: &apos;192.168.2.23&apos;&#10;Build info: version: &apos;4.21.0&apos;, revision: &apos;79ed462ef4&apos;&#10;System info: os.name: &apos;Windows 10&apos;, os.arch: &apos;amd64&apos;, os.version: &apos;10.0&apos;, java.version: &apos;17.0.5&apos;&#10;Driver info: io.appium.java_client.ios.IOSDriver&#10;Command: [null, newSession {capabilities=[{appium:deviceName=Iphone 11, appium:automationName=XCUITest, platformName=IOS, appium:bundleId=com.example.apple-samplecode.UICatalog}], desiredCapabilities=Capabilities {automationName: XCUITest, bundleId: com.example.apple-samplecod..., deviceName: Iphone 11, platformName: IOS}}]&#10;Capabilities {automationName: XCUITest, bundleId: com.example.apple-samplecod..., deviceName: Iphone 11, platformName: IOS}" type="org.openqa.selenium.SessionNotCreatedException"><![CDATA[org.openqa.selenium.SessionNotCreatedException: 
Could not start a new session. Response code 500. Message: An unknown server-side error occurred while processing the command. Original error: Could not find a driver for automationName 'XCUITest' and platformName 'IOS'. Have you installed a driver that supports those capabilities? Run 'appium driver list --installed' to see. (Lower-level error: Could not find installed driver to support given caps) 
Host info: host: 'DESKTOP-10F2RV2', ip: '192.168.2.23'
Build info: version: '4.21.0', revision: '79ed462ef4'
System info: os.name: 'Windows 10', os.arch: 'amd64', os.version: '10.0', java.version: '17.0.5'
Driver info: io.appium.java_client.ios.IOSDriver
Command: [null, newSession {capabilities=[{appium:deviceName=Iphone 11, appium:automationName=XCUITest, platformName=IOS, appium:bundleId=com.example.apple-samplecode.UICatalog}], desiredCapabilities=Capabilities {automationName: XCUITest, bundleId: com.example.apple-samplecod..., deviceName: Iphone 11, platformName: IOS}}]
Capabilities {automationName: XCUITest, bundleId: com.example.apple-samplecod..., deviceName: Iphone 11, platformName: IOS}
	at org.openqa.selenium.remote.ProtocolHandshake.createSession(ProtocolHandshake.java:114)
	at java.base/jdk.internal.reflect.NativeMethodAccessorImpl.invoke0(Native Method)
	at java.base/jdk.internal.reflect.NativeMethodAccessorImpl.invoke(NativeMethodAccessorImpl.java:77)
	at java.base/jdk.internal.reflect.DelegatingMethodAccessorImpl.invoke(DelegatingMethodAccessorImpl.java:43)
	at java.base/java.lang.reflect.Method.invoke(Method.java:568)
	at io.appium.java_client.remote.AppiumProtocolHandshake.createSession(AppiumProtocolHandshake.java:116)
	at io.appium.java_client.remote.AppiumProtocolHandshake.createSession(AppiumProtocolHandshake.java:96)
	at io.appium.java_client.remote.AppiumCommandExecutor.createSession(AppiumCommandExecutor.java:176)
	at io.appium.java_client.remote.AppiumCommandExecutor.execute(AppiumCommandExecutor.java:237)
	at org.openqa.selenium.remote.RemoteWebDriver.execute(RemoteWebDriver.java:518)
	at io.appium.java_client.AppiumDriver.startSession(AppiumDriver.java:268)
	at org.openqa.selenium.remote.RemoteWebDriver.<init>(RemoteWebDriver.java:161)
	at io.appium.java_client.AppiumDriver.<init>(AppiumDriver.java:90)
	at io.appium.java_client.AppiumDriver.<init>(AppiumDriver.java:102)
	at io.appium.java_client.ios.IOSDriver.<init>(IOSDriver.java:101)
	at com.Appium2_0_Project.Base.InitializeDriver(Base.java:74)
	at steps.runAppSteps.user_run_application(runAppSteps.java:12)
	at ✽.User run application(file:///C:/Users/KhaledBEDOUI/IdeaProjects/Appium2.0_Project/src/test/java/features/runApp.feature:4)
]]></error>
    <system-out><![CDATA[  &amp#27;[36mWhen &amp#27;[0m&amp#27;[36mUser swipe to the view button and click on&amp#27;[0m &amp#27;[90m# steps.runAppSteps.user_swipe_to_the_view_button_and_click_on()&amp#27;[0m

    Embedding image [image/png 78193 bytes]

]]></system-out>
  </testcase>
</testsuite>